d:\users\hxs1151\desktop\gamejam\whatdowedonow\whatdowedonow\debug\vc120.pdb
d:\users\hxs1151\desktop\gamejam\whatdowedonow\whatdowedonow\debug\vc120.idb
d:\users\hxs1151\desktop\gamejam\whatdowedonow\whatdowedonow\debug\imageloader.obj
d:\users\hxs1151\desktop\gamejam\whatdowedonow\whatdowedonow\debug\main.obj
d:\users\hxs1151\desktop\gamejam\whatdowedonow\whatdowedonow\debug\primitive.obj
d:\users\hxs1151\desktop\gamejam\whatdowedonow\whatdowedonow\debug\bombgame.obj
d:\users\hxs1151\desktop\gamejam\whatdowedonow\whatdowedonow\debug\game.obj
d:\users\hxs1151\desktop\gamejam\whatdowedonow\whatdowedonow\debug\platformergame.obj
d:\users\hxs1151\desktop\gamejam\whatdowedonow\debug\whatdowedonow.ilk
d:\users\hxs1151\desktop\gamejam\whatdowedonow\debug\whatdowedonow.exe
d:\users\hxs1151\desktop\gamejam\whatdowedonow\debug\whatdowedonow.pdb
d:\users\hxs1151\desktop\gamejam\whatdowedonow\whatdowedonow\debug\whatdowedonow.tlog\cl.command.1.tlog
d:\users\hxs1151\desktop\gamejam\whatdowedonow\whatdowedonow\debug\whatdowedonow.tlog\cl.read.1.tlog
d:\users\hxs1151\desktop\gamejam\whatdowedonow\whatdowedonow\debug\whatdowedonow.tlog\cl.write.1.tlog
d:\users\hxs1151\desktop\gamejam\whatdowedonow\whatdowedonow\debug\whatdowedonow.tlog\link-cvtres.read.1.tlog
d:\users\hxs1151\desktop\gamejam\whatdowedonow\whatdowedonow\debug\whatdowedonow.tlog\link-cvtres.write.1.tlog
d:\users\hxs1151\desktop\gamejam\whatdowedonow\whatdowedonow\debug\whatdowedonow.tlog\link-rc.read.1.tlog
d:\users\hxs1151\desktop\gamejam\whatdowedonow\whatdowedonow\debug\whatdowedonow.tlog\link-rc.write.1.tlog
d:\users\hxs1151\desktop\gamejam\whatdowedonow\whatdowedonow\debug\whatdowedonow.tlog\link.command.1.tlog
d:\users\hxs1151\desktop\gamejam\whatdowedonow\whatdowedonow\debug\whatdowedonow.tlog\link.read.1.tlog
d:\users\hxs1151\desktop\gamejam\whatdowedonow\whatdowedonow\debug\whatdowedonow.tlog\link.write.1.tlog
